# JRE version: Java(TM) SE Runtime Environment (8.0_181-b13) (build 1.8.0_181-b13)
# Java VM: Java HotSpot(TM) 64-Bit Server VM (25.181-b13 mixed mode windows-amd64 compressed oops)
Heap:
 PSYoungGen      total 138240K, used 14507K [0x00000000eb380000, 0x00000000f4280000, 0x0000000100000000)
  eden space 131072K, 11% used [0x00000000eb380000,0x00000000ec1aafa8,0x00000000f3380000)
  from space 7168K, 0% used [0x00000000f3b80000,0x00000000f3b80000,0x00000000f4280000)
  to   space 7680K, 0% used [0x00000000f3380000,0x00000000f3380000,0x00000000f3b00000)
 ParOldGen       total 33792K, used 9147K [0x00000000c1a00000, 0x00000000c3b00000, 0x00000000eb380000)
  object space 33792K, 27% used [0x00000000c1a00000,0x00000000c22eec78,0x00000000c3b00000)
 Metaspace       used 21697K, capacity 22760K, committed 22912K, reserved 1071104K
  class space    used 2897K, capacity 3142K, committed 3200K, reserved 1048576K
GC Heap History (10 events):
Event: 4.118 GC heap before
{Heap before GC invocations=5 (full 0):
 PSYoungGen      total 35328K, used 35328K [0x00000000eb380000, 0x00000000ed880000, 0x0000000100000000)
  eden space 32768K, 100% used [0x00000000eb380000,0x00000000ed380000,0x00000000ed380000)
  from space 2560K, 100% used [0x00000000ed600000,0x00000000ed880000,0x00000000ed880000)
  to   space 2560K, 0% used [0x00000000ed380000,0x00000000ed380000,0x00000000ed600000)
 ParOldGen       total 44032K, used 3983K [0x00000000c1a00000, 0x00000000c4500000, 0x00000000eb380000)
  object space 44032K, 9% used [0x00000000c1a00000,0x00000000c1de3d38,0x00000000c4500000)
 Metaspace       used 16270K, capacity 16768K, committed 16896K, reserved 1064960K
  class space    used 2106K, capacity 2238K, committed 2304K, reserved 1048576K
Event: 4.127 GC heap after
Heap after GC invocations=5 (full 0):
 PSYoungGen      total 35328K, used 2560K [0x00000000eb380000, 0x00000000eff80000, 0x0000000100000000)
  eden space 32768K, 0% used [0x00000000eb380000,0x00000000eb380000,0x00000000ed380000)
  from space 2560K, 100% used [0x00000000ed380000,0x00000000ed600000,0x00000000ed600000)
  to   space 6144K, 0% used [0x00000000ef980000,0x00000000ef980000,0x00000000eff80000)
 ParOldGen       total 44032K, used 7034K [0x00000000c1a00000, 0x00000000c4500000, 0x00000000eb380000)
  object space 44032K, 15% used [0x00000000c1a00000,0x00000000c20de900,0x00000000c4500000)
 Metaspace       used 16270K, capacity 16768K, committed 16896K, reserved 1064960K
  class space    used 2106K, capacity 2238K, committed 2304K, reserved 1048576K
}
Event: 4.246 GC heap before
{Heap before GC invocations=6 (full 0):
 PSYoungGen      total 35328K, used 35305K [0x00000000eb380000, 0x00000000eff80000, 0x0000000100000000)
  eden space 32768K, 99% used [0x00000000eb380000,0x00000000ed37a6a8,0x00000000ed380000)
  from space 2560K, 100% used [0x00000000ed380000,0x00000000ed600000,0x00000000ed600000)
  to   space 6144K, 0% used [0x00000000ef980000,0x00000000ef980000,0x00000000eff80000)
 ParOldGen       total 44032K, used 7034K [0x00000000c1a00000, 0x00000000c4500000, 0x00000000eb380000)
  object space 44032K, 15% used [0x00000000c1a00000,0x00000000c20de900,0x00000000c4500000)
 Metaspace       used 16356K, capacity 16846K, committed 17152K, reserved 1064960K
  class space    used 2118K, capacity 2241K, committed 2304K, reserved 1048576K
Event: 4.255 GC heap after
Heap after GC invocations=6 (full 0):
 PSYoungGen      total 71680K, used 3121K [0x00000000eb380000, 0x00000000eff80000, 0x0000000100000000)
  eden space 65536K, 0% used [0x00000000eb380000,0x00000000eb380000,0x00000000ef380000)
  from space 6144K, 50% used [0x00000000ef980000,0x00000000efc8c640,0x00000000eff80000)
  to   space 6144K, 0% used [0x00000000ef380000,0x00000000ef380000,0x00000000ef980000)
 ParOldGen       total 44032K, used 7034K [0x00000000c1a00000, 0x00000000c4500000, 0x00000000eb380000)
  object space 44032K, 15% used [0x00000000c1a00000,0x00000000c20de900,0x00000000c4500000)
 Metaspace       used 16356K, capacity 16846K, committed 17152K, reserved 1064960K
  class space    used 2118K, capacity 2241K, committed 2304K, reserved 1048576K
}
Event: 6.067 GC heap before
{Heap before GC invocations=7 (full 0):
 PSYoungGen      total 71680K, used 68657K [0x00000000eb380000, 0x00000000eff80000, 0x0000000100000000)
  eden space 65536K, 100% used [0x00000000eb380000,0x00000000ef380000,0x00000000ef380000)
  from space 6144K, 50% used [0x00000000ef980000,0x00000000efc8c640,0x00000000eff80000)
  to   space 6144K, 0% used [0x00000000ef380000,0x00000000ef380000,0x00000000ef980000)
 ParOldGen       total 44032K, used 7034K [0x00000000c1a00000, 0x00000000c4500000, 0x00000000eb380000)
  object space 44032K, 15% used [0x00000000c1a00000,0x00000000c20de900,0x00000000c4500000)
 Metaspace       used 19717K, capacity 20714K, committed 20864K, reserved 1067008K
  class space    used 2659K, capacity 2869K, committed 2944K, reserved 1048576K
Event: 6.085 GC heap after
Heap after GC invocations=7 (full 0):
 PSYoungGen      total 71680K, used 6121K [0x00000000eb380000, 0x00000000f4380000, 0x0000000100000000)
  eden space 65536K, 0% used [0x00000000eb380000,0x00000000eb380000,0x00000000ef380000)
  from space 6144K, 99% used [0x00000000ef380000,0x00000000ef97a770,0x00000000ef980000)
  to   space 8192K, 0% used [0x00000000f3b80000,0x00000000f3b80000,0x00000000f4380000)
 ParOldGen       total 44032K, used 9258K [0x00000000c1a00000, 0x00000000c4500000, 0x00000000eb380000)
  object space 44032K, 21% used [0x00000000c1a00000,0x00000000c230a810,0x00000000c4500000)
 Metaspace       used 19717K, capacity 20714K, committed 20864K, reserved 1067008K
  class space    used 2659K, capacity 2869K, committed 2944K, reserved 1048576K
}
Event: 6.244 GC heap before
{Heap before GC invocations=8 (full 0):
 PSYoungGen      total 71680K, used 12938K [0x00000000eb380000, 0x00000000f4380000, 0x0000000100000000)
  eden space 65536K, 10% used [0x00000000eb380000,0x00000000eba28420,0x00000000ef380000)
  from space 6144K, 99% used [0x00000000ef380000,0x00000000ef97a770,0x00000000ef980000)
  to   space 8192K, 0% used [0x00000000f3b80000,0x00000000f3b80000,0x00000000f4380000)
 ParOldGen       total 44032K, used 9258K [0x00000000c1a00000, 0x00000000c4500000, 0x00000000eb380000)
  object space 44032K, 21% used [0x00000000c1a00000,0x00000000c230a810,0x00000000c4500000)
 Metaspace       used 20294K, capacity 21248K, committed 21296K, reserved 1067008K
  class space    used 2707K, capacity 2914K, committed 2944K, reserved 1048576K
Event: 6.252 GC heap after
Heap after GC invocations=8 (full 0):
 PSYoungGen      total 138240K, used 4076K [0x00000000eb380000, 0x00000000f4280000, 0x0000000100000000)
  eden space 131072K, 0% used [0x00000000eb380000,0x00000000eb380000,0x00000000f3380000)
  from space 7168K, 56% used [0x00000000f3b80000,0x00000000f3f7b040,0x00000000f4280000)
  to   space 7680K, 0% used [0x00000000f3380000,0x00000000f3380000,0x00000000f3b00000)
 ParOldGen       total 44032K, used 9890K [0x00000000c1a00000, 0x00000000c4500000, 0x00000000eb380000)
  object space 44032K, 22% used [0x00000000c1a00000,0x00000000c23a8830,0x00000000c4500000)
 Metaspace       used 20294K, capacity 21248K, committed 21296K, reserved 1067008K
  class space    used 2707K, capacity 2914K, committed 2944K, reserved 1048576K
}
Event: 6.252 GC heap before
{Heap before GC invocations=9 (full 1):
 PSYoungGen      total 138240K, used 4076K [0x00000000eb380000, 0x00000000f4280000, 0x0000000100000000)
  eden space 131072K, 0% used [0x00000000eb380000,0x00000000eb380000,0x00000000f3380000)
  from space 7168K, 56% used [0x00000000f3b80000,0x00000000f3f7b040,0x00000000f4280000)
  to   space 7680K, 0% used [0x00000000f3380000,0x00000000f3380000,0x00000000f3b00000)
 ParOldGen       total 44032K, used 9890K [0x00000000c1a00000, 0x00000000c4500000, 0x00000000eb380000)
  object space 44032K, 22% used [0x00000000c1a00000,0x00000000c23a8830,0x00000000c4500000)
 Metaspace       used 20294K, capacity 21248K, committed 21296K, reserved 1067008K
  class space    used 2707K, capacity 2914K, committed 2944K, reserved 1048576K
Event: 6.315 GC heap after
Heap after GC invocations=9 (full 1):
 PSYoungGen      total 138240K, used 0K [0x00000000eb380000, 0x00000000f4280000, 0x0000000100000000)
  eden space 131072K, 0% used [0x00000000eb380000,0x00000000eb380000,0x00000000f3380000)
  from space 7168K, 0% used [0x00000000f3b80000,0x00000000f3b80000,0x00000000f4280000)
  to   space 7680K, 0% used [0x00000000f3380000,0x00000000f3380000,0x00000000f3b00000)
 ParOldGen       total 33792K, used 9147K [0x00000000c1a00000, 0x00000000c3b00000, 0x00000000eb380000)
  object space 33792K, 27% used [0x00000000c1a00000,0x00000000c22eec78,0x00000000c3b00000)
 Metaspace       used 20292K, capacity 21242K, committed 21296K, reserved 1067008K
  class space    used 2706K, capacity 2913K, committed 2944K, reserved 1048576K
}

